<?xml version="1.0" encoding="UTF-8"?>
<!-- Generated by org.testng.reporters.JUnitReportReporter -->
<testsuite hostname="win7-PC" name="com.test.NewPro.base" tests="1" failures="0" timestamp="2 Jan 2018 13:48:12 GMT" time="131.876" errors="0">
  <testcase name="a" time="131.876" classname="com.test.NewPro.base"/>
</testsuite> <!-- com.test.NewPro.base -->
