<?xml version="1.0" encoding="UTF-8"?>
<!-- Generated by org.testng.reporters.JUnitReportReporter -->
<testsuite hostname="win7-PC" name="com.test.NewPro.LogIn" tests="1" failures="0" timestamp="3 Jan 2018 08:12:51 GMT" time="10.947" errors="0">
  <testcase name="dologin" time="10.947" classname="com.test.NewPro.LogIn"/>
</testsuite> <!-- com.test.NewPro.LogIn -->
